<?xml version="1.0" encoding="UTF-8"?>
<testng-results ignored="0" total="1" passed="1" failed="0" skipped="0">
  <reporter-output>
  </reporter-output>
  <suite started-at="2022-01-24T23:51:44 IST" name="AspireQA" finished-at="2022-01-24T23:53:09 IST" duration-ms="85421">
    <groups>
    </groups>
    <test started-at="2022-01-24T23:51:44 IST" name="AspireQDV Test" finished-at="2022-01-24T23:53:09 IST" duration-ms="85421">
      <class name="com.aspire.test.ValidateOrder">
        <test-method is-config="true" signature="setup(java.lang.String)[pri:0, instance:com.aspire.test.ValidateOrder@74455848]" started-at="2022-01-24T23:51:44 IST" name="setup" finished-at="2022-01-24T23:51:47 IST" duration-ms="3741" status="PASS">
          <params>
            <param index="0">
              <value>
                <![CDATA[chrome]]>
              </value>
            </param>
          </params>
          <reporter-output>
          </reporter-output>
        </test-method> <!-- setup -->
        <test-method signature="ValidateOrderTest()[pri:0, instance:com.aspire.test.ValidateOrder@74455848]" started-at="2022-01-24T23:51:47 IST" name="ValidateOrderTest" finished-at="2022-01-24T23:53:09 IST" duration-ms="81429" status="PASS">
          <reporter-output>
          </reporter-output>
        </test-method> <!-- ValidateOrderTest -->
        <test-method is-config="true" signature="closeDriver()[pri:0, instance:com.aspire.test.ValidateOrder@74455848]" started-at="2022-01-24T23:53:09 IST" name="closeDriver" finished-at="2022-01-24T23:53:09 IST" duration-ms="218" status="PASS">
          <reporter-output>
          </reporter-output>
        </test-method> <!-- closeDriver -->
      </class> <!-- com.aspire.test.ValidateOrder -->
    </test> <!-- AspireQDV Test -->
  </suite> <!-- AspireQA -->
</testng-results>
